<?xml version="1.0" encoding="UTF-8"?>
<!-- Generated by org.testng.reporters.JUnitReportReporter -->
<testsuite skipped="0" hostname="DESKTOP-N4GHF6I" name="ofaqa.eCommerceTC4Hybrid" tests="2" failures="0" timestamp="2023-07-28T18:06:30 EEST" time="33.659" errors="0">
  <testcase name="FillForm" time="20.044" classname="ofaqa.eCommerceTC4Hybrid"/>
  <system-out/>
  <testcase name="FillForm" time="13.615" classname="ofaqa.eCommerceTC4Hybrid"/>
  <system-out/>
</testsuite> <!-- ofaqa.eCommerceTC4Hybrid -->
