<?xml version="1.0" encoding="UTF-8"?>
<!-- Generated by org.testng.reporters.JUnitReportReporter -->
<testsuite skipped="0" hostname="DESKTOP-N4GHF6I" name="ofaqa.eCommerceTC1" tests="2" failures="0" timestamp="2023-07-28T18:06:30 EEST" time="19.541" errors="0">
  <testcase name="FillForm_PositiveFlow" time="14.717" classname="ofaqa.eCommerceTC1"/>
  <system-out/>
  <testcase name="FillForm_ErrorValidation" time="4.824" classname="ofaqa.eCommerceTC1"/>
  <system-out/>
</testsuite> <!-- ofaqa.eCommerceTC1 -->
